cordova/platforms/android/app/build/outputs/logs/manifest-merger-debug-report.txt
-- Merging decision tree log ---
action#io.framework7.BackgroundGeolocationDemo.event.BACKGROUND_FETCH
INJECTED from src\main\AndroidManifest.xml:15:17-82
	android:name
		INJECTED from src\main\AndroidManifest.xml
		ADDED from src\main\AndroidManifest.xml:15:25-79
manifest
ADDED from src\main\AndroidManifest.xml:2:1-24:12
INJECTED from src\main\AndroidManifest.xml:2:1-24:12
INJECTED from src\main\AndroidManifest.xml:2:1-24:12
INJECTED from src\main\AndroidManifest.xml:2:1-24:12
MERGED from [com.transistorsoft:tsbackgroundfetch:0.2.0] AndroidManifest.xml:2:1-30:12
MERGED from [com.transistorsoft:tslocationmanager:2.14.4] AndroidManifest.xml:2:1-56:12
MERGED from [com.github.tony19:logback-android:1.1.1-9] AndroidManifest.xml:2:1-11:12
MERGED from [com.intentfilter:android-permissions:0.1.6] AndroidManifest.xml:2:1-18:12
MERGED from [com.google.android.gms:play-services-location:16.0.0] AndroidManifest.xml:2:1-9:12
MERGED from [com.android.support:appcompat-v7:27.1.1] AndroidManifest.xml:17:1-22:12
MERGED from [:CordovaLib] AndroidManifest.xml:20:1-27:12
MERGED from [com.github.tony19:apktool-lib:1.4.4-5] AndroidManifest.xml:2:1-11:12
MERGED from [com.google.android.gms:play-services-base:16.0.1] AndroidManifest.xml:17:1-29:12
MERGED from [com.google.android.gms:play-services-places-placereport:16.0.0] AndroidManifest.xml:17:1-24:12
MERGED from [com.google.android.gms:play-services-tasks:16.0.1] AndroidManifest.xml:2:1-9:12
MERGED from [com.google.android.gms:play-services-basement:16.0.1] AndroidManifest.xml:17:1-28:12
MERGED from [com.android.support:animated-vector-drawable:27.1.1] AndroidManifest.xml:17:1-22:12
MERGED from [com.android.support:support-vector-drawable:27.1.1] AndroidManifest.xml:17:1-22:12
MERGED from [com.android.support:support-v4:26.1.0] AndroidManifest.xml:17:1-31:12
MERGED from [com.android.support:support-media-compat:26.1.0] AndroidManifest.xml:17:1-31:12
MERGED from [com.android.support:support-fragment:27.1.1] AndroidManifest.xml:17:1-22:12
MERGED from [com.android.support:support-core-ui:27.1.1] AndroidManifest.xml:17:1-22:12
MERGED from [com.android.support:support-core-utils:27.1.1] AndroidManifest.xml:17:1-22:12
MERGED from [com.android.support:support-compat:27.1.1] AndroidManifest.xml:17:1-22:12
MERGED from [android.arch.lifecycle:livedata-core:1.1.0] AndroidManifest.xml:17:1-22:12
MERGED from [android.arch.lifecycle:viewmodel:1.1.0] AndroidManifest.xml:17:1-22:12
MERGED from [android.arch.lifecycle:runtime:1.1.0] AndroidManifest.xml:17:1-22:12
MERGED from [android.arch.core:runtime:1.1.0] AndroidManifest.xml:17:1-22:12
INJECTED from src\main\AndroidManifest.xml:2:1-24:12
INJECTED from src\main\AndroidManifest.xml:2:1-24:12
INJECTED from src\main\AndroidManifest.xml:2:1-24:12
	package
		ADDED from src\main\AndroidManifest.xml:2:102-151
		INJECTED from src\main\AndroidManifest.xml
		INJECTED from src\main\AndroidManifest.xml
	android:versionName
		ADDED from src\main\AndroidManifest.xml:2:74-101
		INJECTED from src\main\AndroidManifest.xml
		INJECTED from src\main\AndroidManifest.xml
	android:hardwareAccelerated
		ADDED from src\main\AndroidManifest.xml:2:11-45
	xmlns:android
		ADDED from src\main\AndroidManifest.xml:2:152-210
	android:versionCode
		ADDED from src\main\AndroidManifest.xml:2:46-73
		INJECTED from src\main\AndroidManifest.xml
		INJECTED from src\main\AndroidManifest.xml
supports-screens
ADDED from src\main\AndroidManifest.xml:3:5-191
	android:largeScreens
		ADDED from src\main\AndroidManifest.xml:3:49-76
	android:smallScreens
		ADDED from src\main\AndroidManifest.xml:3:132-159
	android:normalScreens
		ADDED from src\main\AndroidManifest.xml:3:77-105
	android:xlargeScreens
		ADDED from src\main\AndroidManifest.xml:3:160-188
	android:resizeable
		ADDED from src\main\AndroidManifest.xml:3:106-131
	android:anyDensity
		ADDED from src\main\AndroidManifest.xml:3:23-48
uses-permission#android.permission.INTERNET
ADDED from src\main\AndroidManifest.xml:4:5-67
MERGED from [com.transistorsoft:tslocationmanager:2.14.4] AndroidManifest.xml:15:5-67
MERGED from [com.transistorsoft:tslocationmanager:2.14.4] AndroidManifest.xml:15:5-67
	android:name
		ADDED from src\main\AndroidManifest.xml:4:22-64
application
ADDED from src\main\AndroidManifest.xml:5:5-19:19
MERGED from [com.transistorsoft:tsbackgroundfetch:0.2.0] AndroidManifest.xml:14:5-28:19
MERGED from [com.transistorsoft:tsbackgroundfetch:0.2.0] AndroidManifest.xml:14:5-28:19
MERGED from [com.transistorsoft:tslocationmanager:2.14.4] AndroidManifest.xml:25:5-54:19
MERGED from [com.transistorsoft:tslocationmanager:2.14.4] AndroidManifest.xml:25:5-54:19
MERGED from [com.intentfilter:android-permissions:0.1.6] AndroidManifest.xml:11:5-16:19
MERGED from [com.intentfilter:android-permissions:0.1.6] AndroidManifest.xml:11:5-16:19
MERGED from [com.google.android.gms:play-services-location:16.0.0] AndroidManifest.xml:7:5-20
MERGED from [com.google.android.gms:play-services-location:16.0.0] AndroidManifest.xml:7:5-20
MERGED from [com.google.android.gms:play-services-base:16.0.1] AndroidManifest.xml:22:5-27:19
MERGED from [com.google.android.gms:play-services-base:16.0.1] AndroidManifest.xml:22:5-27:19
MERGED from [com.google.android.gms:play-services-places-placereport:16.0.0] AndroidManifest.xml:22:5-20
MERGED from [com.google.android.gms:play-services-places-placereport:16.0.0] AndroidManifest.xml:22:5-20
MERGED from [com.google.android.gms:play-services-tasks:16.0.1] AndroidManifest.xml:7:5-20
MERGED from [com.google.android.gms:play-services-tasks:16.0.1] AndroidManifest.xml:7:5-20
MERGED from [com.google.android.gms:play-services-basement:16.0.1] AndroidManifest.xml:22:5-26:19
MERGED from [com.google.android.gms:play-services-basement:16.0.1] AndroidManifest.xml:22:5-26:19
MERGED from [com.android.support:support-v4:26.1.0] AndroidManifest.xml:25:5-29:19
MERGED from [com.android.support:support-v4:26.1.0] AndroidManifest.xml:25:5-29:19
MERGED from [com.android.support:support-media-compat:26.1.0] AndroidManifest.xml:25:5-29:19
MERGED from [com.android.support:support-media-compat:26.1.0] AndroidManifest.xml:25:5-29:19
	android:supportsRtl
		ADDED from src\main\AndroidManifest.xml:5:114-140
	android:label
		ADDED from src\main\AndroidManifest.xml:5:81-113
	android:hardwareAccelerated
		ADDED from src\main\AndroidManifest.xml:5:18-52
	android:icon
		ADDED from src\main\AndroidManifest.xml:5:53-80
activity#io.framework7.BackgroundGeolocationDemo.MainActivity
ADDED from src\main\AndroidManifest.xml:6:9-11:20
	android:label
		ADDED from src\main\AndroidManifest.xml:6:97-134
	android:launchMode
		ADDED from src\main\AndroidManifest.xml:6:135-165
	android:windowSoftInputMode
		ADDED from src\main\AndroidManifest.xml:6:257-299
	android:configChanges
		ADDED from src\main\AndroidManifest.xml:6:19-96
	android:theme
		ADDED from src\main\AndroidManifest.xml:6:194-256
	android:name
		ADDED from src\main\AndroidManifest.xml:6:166-193
intent-filter#android.intent.action.MAIN+android.intent.category.LAUNCHER
ADDED from src\main\AndroidManifest.xml:7:13-10:29
	android:label
		ADDED from src\main\AndroidManifest.xml:7:28-65
action#android.intent.action.MAIN
ADDED from src\main\AndroidManifest.xml:8:17-69
	android:name
		ADDED from src\main\AndroidManifest.xml:8:25-66
category#android.intent.category.LAUNCHER
ADDED from src\main\AndroidManifest.xml:9:17-77
	android:name
		ADDED from src\main\AndroidManifest.xml:9:27-74
service#com.transistorsoft.cordova.backgroundfetch.HeadlessJobService
ADDED from src\main\AndroidManifest.xml:12:9-178
	android:exported
		ADDED from src\main\AndroidManifest.xml:12:18-41
	android:permission
		ADDED from src\main\AndroidManifest.xml:12:119-175
	android:name
		ADDED from src\main\AndroidManifest.xml:12:42-118
receiver#com.transistorsoft.cordova.backgroundfetch.HeadlessBroadcastReceiver
ADDED from src\main\AndroidManifest.xml:13:9-17:20
	android:name
		ADDED from src\main\AndroidManifest.xml:13:19-102
intent-filter#io.framework7.BackgroundGeolocationDemo.event.BACKGROUND_FETCH
ADDED from src\main\AndroidManifest.xml:14:13-16:29
meta-data#com.transistorsoft.locationmanager.license
ADDED from src\main\AndroidManifest.xml:18:9-113
	android:value
		ADDED from src\main\AndroidManifest.xml:18:78-110
	android:name
		ADDED from src\main\AndroidManifest.xml:18:20-77
uses-sdk
ADDED from src\main\AndroidManifest.xml:20:5-74
INJECTED from src\main\AndroidManifest.xml:20:5-74
MERGED from [com.transistorsoft:tsbackgroundfetch:0.2.0] AndroidManifest.xml:7:5-9:41
MERGED from [com.transistorsoft:tsbackgroundfetch:0.2.0] AndroidManifest.xml:7:5-9:41
MERGED from [com.transistorsoft:tslocationmanager:2.14.4] AndroidManifest.xml:7:5-9:41
MERGED from [com.transistorsoft:tslocationmanager:2.14.4] AndroidManifest.xml:7:5-9:41
MERGED from [com.github.tony19:logback-android:1.1.1-9] AndroidManifest.xml:7:5-9:41
MERGED from [com.github.tony19:logback-android:1.1.1-9] AndroidManifest.xml:7:5-9:41
MERGED from [com.intentfilter:android-permissions:0.1.6] AndroidManifest.xml:7:5-9:41
MERGED from [com.intentfilter:android-permissions:0.1.6] AndroidManifest.xml:7:5-9:41
MERGED from [com.google.android.gms:play-services-location:16.0.0] AndroidManifest.xml:5:5-44
MERGED from [com.google.android.gms:play-services-location:16.0.0] AndroidManifest.xml:5:5-44
MERGED from [com.android.support:appcompat-v7:27.1.1] AndroidManifest.xml:20:5-44
MERGED from [com.android.support:appcompat-v7:27.1.1] AndroidManifest.xml:20:5-44
MERGED from [:CordovaLib] AndroidManifest.xml:25:5-44
MERGED from [:CordovaLib] AndroidManifest.xml:25:5-44
MERGED from [com.github.tony19:apktool-lib:1.4.4-5] AndroidManifest.xml:7:5-9:41
MERGED from [com.github.tony19:apktool-lib:1.4.4-5] AndroidManifest.xml:7:5-9:41
MERGED from [com.google.android.gms:play-services-base:16.0.1] AndroidManifest.xml:20:5-44
MERGED from [com.google.android.gms:play-services-base:16.0.1] AndroidManifest.xml:20:5-44
MERGED from [com.google.android.gms:play-services-places-placereport:16.0.0] AndroidManifest.xml:20:5-44
MERGED from [com.google.android.gms:play-services-places-placereport:16.0.0] AndroidManifest.xml:20:5-44
MERGED from [com.google.android.gms:play-services-tasks:16.0.1] AndroidManifest.xml:5:5-44
MERGED from [com.google.android.gms:play-services-tasks:16.0.1] AndroidManifest.xml:5:5-44
MERGED from [com.google.android.gms:play-services-basement:16.0.1] AndroidManifest.xml:20:5-44
MERGED from [com.google.android.gms:play-services-basement:16.0.1] AndroidManifest.xml:20:5-44
MERGED from [com.android.support:animated-vector-drawable:27.1.1] AndroidManifest.xml:20:5-44
MERGED from [com.android.support:animated-vector-drawable:27.1.1] AndroidManifest.xml:20:5-44
MERGED from [com.android.support:support-vector-drawable:27.1.1] AndroidManifest.xml:20:5-44
MERGED from [com.android.support:support-vector-drawable:27.1.1] AndroidManifest.xml:20:5-44
MERGED from [com.android.support:support-v4:26.1.0] AndroidManifest.xml:21:5-23:54
MERGED from [com.android.support:support-v4:26.1.0] AndroidManifest.xml:21:5-23:54
MERGED from [com.android.support:support-media-compat:26.1.0] AndroidManifest.xml:21:5-23:63
MERGED from [com.android.support:support-media-compat:26.1.0] AndroidManifest.xml:21:5-23:63
MERGED from [com.android.support:support-fragment:27.1.1] AndroidManifest.xml:20:5-44
MERGED from [com.android.support:support-fragment:27.1.1] AndroidManifest.xml:20:5-44
MERGED from [com.android.support:support-core-ui:27.1.1] AndroidManifest.xml:20:5-44
MERGED from [com.android.support:support-core-ui:27.1.1] AndroidManifest.xml:20:5-44
MERGED from [com.android.support:support-core-utils:27.1.1] AndroidManifest.xml:20:5-44
MERGED from [com.android.support:support-core-utils:27.1.1] AndroidManifest.xml:20:5-44
MERGED from [com.android.support:support-compat:27.1.1] AndroidManifest.xml:20:5-44
MERGED from [com.android.support:support-compat:27.1.1] AndroidManifest.xml:20:5-44
MERGED from [android.arch.lifecycle:livedata-core:1.1.0] AndroidManifest.xml:20:5-44
MERGED from [android.arch.lifecycle:livedata-core:1.1.0] AndroidManifest.xml:20:5-44
MERGED from [android.arch.lifecycle:viewmodel:1.1.0] AndroidManifest.xml:20:5-44
MERGED from [android.arch.lifecycle:viewmodel:1.1.0] AndroidManifest.xml:20:5-44
MERGED from [android.arch.lifecycle:runtime:1.1.0] AndroidManifest.xml:20:5-44
MERGED from [android.arch.lifecycle:runtime:1.1.0] AndroidManifest.xml:20:5-44
MERGED from [android.arch.core:runtime:1.1.0] AndroidManifest.xml:20:5-44
MERGED from [android.arch.core:runtime:1.1.0] AndroidManifest.xml:20:5-44
INJECTED from src\main\AndroidManifest.xml:20:5-74
	tools:overrideLibrary
		ADDED from [com.android.support:support-v4:26.1.0] AndroidManifest.xml:23:9-51
	android:targetSdkVersion
		ADDED from src\main\AndroidManifest.xml:20:42-71
	android:minSdkVersion
		ADDED from src\main\AndroidManifest.xml:20:15-41
		INJECTED from src\main\AndroidManifest.xml
		INJECTED from src\main\AndroidManifest.xml
uses-permission#android.permission.ACCESS_COARSE_LOCATION
ADDED from src\main\AndroidManifest.xml:21:5-81
MERGED from [com.transistorsoft:tslocationmanager:2.14.4] AndroidManifest.xml:12:5-81
MERGED from [com.transistorsoft:tslocationmanager:2.14.4] AndroidManifest.xml:12:5-81
	android:name
		ADDED from src\main\AndroidManifest.xml:21:22-78
uses-permission#android.permission.ACCESS_FINE_LOCATION
ADDED from src\main\AndroidManifest.xml:22:5-79
MERGED from [com.transistorsoft:tslocationmanager:2.14.4] AndroidManifest.xml:13:5-79
MERGED from [com.transistorsoft:tslocationmanager:2.14.4] AndroidManifest.xml:13:5-79
	android:name
		ADDED from src\main\AndroidManifest.xml:22:22-76
uses-feature#android.hardware.location.gps
ADDED from src\main\AndroidManifest.xml:23:5-66
MERGED from [com.transistorsoft:tslocationmanager:2.14.4] AndroidManifest.xml:21:5-23:36
MERGED from [com.transistorsoft:tslocationmanager:2.14.4] AndroidManifest.xml:21:5-23:36
	android:name
		ADDED from src\main\AndroidManifest.xml:23:19-63
uses-permission#android.permission.RECEIVE_BOOT_COMPLETED
ADDED from [com.transistorsoft:tsbackgroundfetch:0.2.0] AndroidManifest.xml:11:5-81
MERGED from [com.transistorsoft:tslocationmanager:2.14.4] AndroidManifest.xml:18:5-81
MERGED from [com.transistorsoft:tslocationmanager:2.14.4] AndroidManifest.xml:18:5-81
	android:name
		ADDED from [com.transistorsoft:tsbackgroundfetch:0.2.0] AndroidManifest.xml:11:22-78
uses-permission#android.permission.GET_TASKS
ADDED from [com.transistorsoft:tsbackgroundfetch:0.2.0] AndroidManifest.xml:12:5-68
MERGED from [com.transistorsoft:tslocationmanager:2.14.4] AndroidManifest.xml:19:5-68
MERGED from [com.transistorsoft:tslocationmanager:2.14.4] AndroidManifest.xml:19:5-68
	android:name
		ADDED from [com.transistorsoft:tsbackgroundfetch:0.2.0] AndroidManifest.xml:12:22-65
receiver#com.transistorsoft.tsbackgroundfetch.FetchAlarmReceiver
ADDED from [com.transistorsoft:tsbackgroundfetch:0.2.0] AndroidManifest.xml:15:9-92
	android:name
		ADDED from [com.transistorsoft:tsbackgroundfetch:0.2.0] AndroidManifest.xml:15:19-89
service#com.transistorsoft.tsbackgroundfetch.FetchJobService
ADDED from [com.transistorsoft:tsbackgroundfetch:0.2.0] AndroidManifest.xml:17:9-20:72
	android:exported
		ADDED from [com.transistorsoft:tsbackgroundfetch:0.2.0] AndroidManifest.xml:19:13-36
	android:permission
		ADDED from [com.transistorsoft:tsbackgroundfetch:0.2.0] AndroidManifest.xml:20:13-69
	android:name
		ADDED from [com.transistorsoft:tsbackgroundfetch:0.2.0] AndroidManifest.xml:18:13-80
receiver#com.transistorsoft.tsbackgroundfetch.BootReceiver
ADDED from [com.transistorsoft:tsbackgroundfetch:0.2.0] AndroidManifest.xml:22:9-27:20
	android:name
		ADDED from [com.transistorsoft:tsbackgroundfetch:0.2.0] AndroidManifest.xml:22:19-83
intent-filter#android.intent.action.BOOT_COMPLETED+android.intent.action.MY_PACKAGE_REPLACED
ADDED from [com.transistorsoft:tsbackgroundfetch:0.2.0] AndroidManifest.xml:23:13-26:29
action#android.intent.action.BOOT_COMPLETED
ADDED from [com.transistorsoft:tsbackgroundfetch:0.2.0] AndroidManifest.xml:24:17-79
	android:name
		ADDED from [com.transistorsoft:tsbackgroundfetch:0.2.0] AndroidManifest.xml:24:25-76
action#android.intent.action.MY_PACKAGE_REPLACED
ADDED from [com.transistorsoft:tsbackgroundfetch:0.2.0] AndroidManifest.xml:25:17-84
	android:name
		ADDED from [com.transistorsoft:tsbackgroundfetch:0.2.0] AndroidManifest.xml:25:25-81
uses-permission#android.permission.ACCESS_NETWORK_STATE
ADDED from [com.transistorsoft:tslocationmanager:2.14.4] AndroidManifest.xml:11:5-79
	android:name
		ADDED from [com.transistorsoft:tslocationmanager:2.14.4] AndroidManifest.xml:11:22-76
uses-permission#android.permission.ACCESS_LOCATION_EXTRA_COMMANDS
ADDED from [com.transistorsoft:tslocationmanager:2.14.4] AndroidManifest.xml:14:5-89
	android:name
		ADDED from [com.transistorsoft:tslocationmanager:2.14.4] AndroidManifest.xml:14:22-86
uses-permission#android.permission.FOREGROUND_SERVICE
ADDED from [com.transistorsoft:tslocationmanager:2.14.4] AndroidManifest.xml:16:5-77
	android:name
		ADDED from [com.transistorsoft:tslocationmanager:2.14.4] AndroidManifest.xml:16:22-74
uses-permission#com.google.android.gms.permission.ACTIVITY_RECOGNITION
ADDED from [com.transistorsoft:tslocationmanager:2.14.4] AndroidManifest.xml:17:5-94
	android:name
		ADDED from [com.transistorsoft:tslocationmanager:2.14.4] AndroidManifest.xml:17:22-91
service#com.transistorsoft.locationmanager.BackgroundGeolocationService
ADDED from [com.transistorsoft:tslocationmanager:2.14.4] AndroidManifest.xml:26:9-99
	android:name
		ADDED from [com.transistorsoft:tslocationmanager:2.14.4] AndroidManifest.xml:26:18-96
service#com.transistorsoft.locationmanager.LocationService
ADDED from [com.transistorsoft:tslocationmanager:2.14.4] AndroidManifest.xml:27:9-86
	android:name
		ADDED from [com.transistorsoft:tslocationmanager:2.14.4] AndroidManifest.xml:27:18-83
service#com.transistorsoft.locationmanager.ActivityRecognitionService
ADDED from [com.transistorsoft:tslocationmanager:2.14.4] AndroidManifest.xml:28:9-97
	android:name
		ADDED from [com.transistorsoft:tslocationmanager:2.14.4] AndroidManifest.xml:28:18-94
service#com.transistorsoft.locationmanager.geofence.GeofenceService
ADDED from [com.transistorsoft:tslocationmanager:2.14.4] AndroidManifest.xml:29:9-95
	android:name
		ADDED from [com.transistorsoft:tslocationmanager:2.14.4] AndroidManifest.xml:29:18-92
receiver#com.transistorsoft.locationmanager.scheduler.ScheduleAlarmReceiver
ADDED from [com.transistorsoft:tslocationmanager:2.14.4] AndroidManifest.xml:31:9-103
	android:name
		ADDED from [com.transistorsoft:tslocationmanager:2.14.4] AndroidManifest.xml:31:19-100
service#com.transistorsoft.locationmanager.scheduler.ScheduleJobService
ADDED from [com.transistorsoft:tslocationmanager:2.14.4] AndroidManifest.xml:33:9-36:72
	android:exported
		ADDED from [com.transistorsoft:tslocationmanager:2.14.4] AndroidManifest.xml:35:13-36
	android:permission
		ADDED from [com.transistorsoft:tslocationmanager:2.14.4] AndroidManifest.xml:36:13-69
	android:name
		ADDED from [com.transistorsoft:tslocationmanager:2.14.4] AndroidManifest.xml:34:13-91
receiver#com.transistorsoft.locationmanager.BootReceiver
ADDED from [com.transistorsoft:tslocationmanager:2.14.4] AndroidManifest.xml:38:9-43:20
	android:name
		ADDED from [com.transistorsoft:tslocationmanager:2.14.4] AndroidManifest.xml:38:19-81
provider#com.transistorsoft.locationmanager.util.LogFileProvider
ADDED from [com.transistorsoft:tslocationmanager:2.14.4] AndroidManifest.xml:45:9-53:20
	android:grantUriPermissions
		ADDED from [com.transistorsoft:tslocationmanager:2.14.4] AndroidManifest.xml:49:13-47
	android:authorities
		ADDED from [com.transistorsoft:tslocationmanager:2.14.4] AndroidManifest.xml:47:13-82
	android:exported
		ADDED from [com.transistorsoft:tslocationmanager:2.14.4] AndroidManifest.xml:48:13-37
	android:name
		ADDED from [com.transistorsoft:tslocationmanager:2.14.4] AndroidManifest.xml:46:13-83
meta-data#android.support.FILE_PROVIDER_PATHS
ADDED from [com.transistorsoft:tslocationmanager:2.14.4] AndroidManifest.xml:50:13-52:80
	android:resource
		ADDED from [com.transistorsoft:tslocationmanager:2.14.4] AndroidManifest.xml:52:17-77
	android:name
		ADDED from [com.transistorsoft:tslocationmanager:2.14.4] AndroidManifest.xml:51:17-67
activity#com.intentfilter.androidpermissions.PermissionsActivity
ADDED from [com.intentfilter:android-permissions:0.1.6] AndroidManifest.xml:12:9-15:59
	android:excludeFromRecents
		ADDED from [com.intentfilter:android-permissions:0.1.6] AndroidManifest.xml:14:13-46
	android:theme
		ADDED from [com.intentfilter:android-permissions:0.1.6] AndroidManifest.xml:15:13-56
	android:name
		ADDED from [com.intentfilter:android-permissions:0.1.6] AndroidManifest.xml:13:13-83
activity#com.google.android.gms.common.api.GoogleApiActivity
ADDED from [com.google.android.gms:play-services-base:16.0.1] AndroidManifest.xml:23:9-26:75
	android:exported
		ADDED from [com.google.android.gms:play-services-base:16.0.1] AndroidManifest.xml:25:13-37
	android:theme
		ADDED from [com.google.android.gms:play-services-base:16.0.1] AndroidManifest.xml:26:13-72
	android:name
		ADDED from [com.google.android.gms:play-services-base:16.0.1] AndroidManifest.xml:24:13-79
meta-data#com.google.android.gms.version
ADDED from [com.google.android.gms:play-services-basement:16.0.1] AndroidManifest.xml:23:9-25:69
	android:value
		ADDED from [com.google.android.gms:play-services-basement:16.0.1] AndroidManifest.xml:25:13-66
	android:name
		ADDED from [com.google.android.gms:play-services-basement:16.0.1] AndroidManifest.xml:24:13-58
meta-data#android.support.VERSION
ADDED from [com.android.support:support-v4:26.1.0] AndroidManifest.xml:26:9-28:38
MERGED from [com.android.support:support-media-compat:26.1.0] AndroidManifest.xml:26:9-28:38
MERGED from [com.android.support:support-media-compat:26.1.0] AndroidManifest.xml:26:9-28:38
	android:value
		ADDED from [com.android.support:support-v4:26.1.0] AndroidManifest.xml:28:13-35
	android:name
		ADDED from [com.android.support:support-v4:26.1.0] AndroidManifest.xml:27:13-51